[debug] [2024-02-21T17:02:37.103Z] ----------------------------------------------------------------------
[debug] [2024-02-21T17:02:37.105Z] Command:       C:\Program Files\nodejs\node.exe C:\Users\user\AppData\Roaming\npm\node_modules\firebase-tools\lib\bin\firebase.js init
[debug] [2024-02-21T17:02:37.106Z] CLI Version:   13.3.0
[debug] [2024-02-21T17:02:37.106Z] Platform:      win32
[debug] [2024-02-21T17:02:37.106Z] Node Version:  v20.10.0
[debug] [2024-02-21T17:02:37.106Z] Time:          Wed Feb 21 2024 22:32:37 GMT+0530 (India Standard Time)
[debug] [2024-02-21T17:02:37.106Z] ----------------------------------------------------------------------
[debug] 
[debug] [2024-02-21T17:02:37.112Z] > command requires scopes: ["email","openid","https://www.googleapis.com/auth/cloudplatformprojects.readonly","https://www.googleapis.com/auth/firebase","https://www.googleapis.com/auth/cloud-platform"]
[debug] [2024-02-21T17:02:37.113Z] > authorizing via signed-in user (shikharsaxena092@gmail.com)
[info] 
     ######## #### ########  ######## ########     ###     ######  ########
     ##        ##  ##     ## ##       ##     ##  ##   ##  ##       ##
     ######    ##  ########  ######   ########  #########  ######  ######
     ##        ##  ##    ##  ##       ##     ## ##     ##       ## ##
     ##       #### ##     ## ######## ########  ##     ##  ######  ########

You're about to initialize a Firebase project in this directory:

  C:\Users\user\Desktop\New folder

[info] 
=== Project Setup
[info] 
[info] First, let's associate this project directory with a Firebase project.
[info] You can create multiple project aliases by running firebase use --add, 
[info] but for now we'll just set up a default project.
[info] 
[debug] [2024-02-21T17:03:26.603Z] >>> [apiv2][query] GET https://firebase.googleapis.com/v1beta1/projects pageSize=100
[debug] [2024-02-21T17:03:28.247Z] <<< [apiv2][status] GET https://firebase.googleapis.com/v1beta1/projects 200
[debug] [2024-02-21T17:03:28.248Z] <<< [apiv2][body] GET https://firebase.googleapis.com/v1beta1/projects [omitted]
[info] i  Using project uniwaycabs-b82b7 (uniwaycabs) 
[info] 
=== Hosting Setup
[debug] [2024-02-21T17:03:37.074Z] >>> [apiv2][query] GET https://firebase.googleapis.com/v1beta1/projects/uniwaycabs-b82b7 [none]
[debug] [2024-02-21T17:03:37.669Z] <<< [apiv2][status] GET https://firebase.googleapis.com/v1beta1/projects/uniwaycabs-b82b7 200
[debug] [2024-02-21T17:03:37.670Z] <<< [apiv2][body] GET https://firebase.googleapis.com/v1beta1/projects/uniwaycabs-b82b7 {"projectId":"uniwaycabs-b82b7","projectNumber":"95951956828","displayName":"uniwaycabs","name":"projects/uniwaycabs-b82b7","resources":{"hostingSite":"uniwaycabs-b82b7"},"state":"ACTIVE","etag":"1_633f6400-e830-4ad7-bcf8-c85c0cca23a2"}
[info] 
[info] Your public directory is the folder (relative to your project directory) that
[info] will contain Hosting assets to be uploaded with firebase deploy. If you
[info] have a build process for your assets, use your build's output directory.
[info] 
[debug] [2024-02-21T17:04:03.652Z] >>> [apiv2][query] GET https://www.gstatic.com/firebasejs/releases.json [none]
[debug] [2024-02-21T17:04:04.222Z] <<< [apiv2][status] GET https://www.gstatic.com/firebasejs/releases.json 200
[debug] [2024-02-21T17:04:04.222Z] <<< [apiv2][body] GET https://www.gstatic.com/firebasejs/releases.json {"current":{"version":"10.8.0","browserURL":"https://www.gstatic.com/firebasejs/10.8.0/firebase.js","packageURL":"https://www.gstatic.com/firebasejs/10.8.0/firebase.tgz"},"live":{"version":"10.8","browserURL":"https://www.gstatic.com/firebasejs/live/10.8/firebase.js","packageURL":"https://www.gstatic.com/firebasejs/live/10.8/firebase.tgz"},"components":{"analytics":"https://www.gstatic.com/firebasejs/10.8.0/firebase-analytics.js","app":"https://www.gstatic.com/firebasejs/10.8.0/firebase-app.js","app-check":"https://www.gstatic.com/firebasejs/10.8.0/firebase-app-check.js","auth":"https://www.gstatic.com/firebasejs/10.8.0/firebase-auth.js","auth/cordova":"https://www.gstatic.com/firebasejs/10.8.0/firebase-auth/cordova.js","auth/web-extension":"https://www.gstatic.com/firebasejs/10.8.0/firebase-auth/web-extension.js","functions":"https://www.gstatic.com/firebasejs/10.8.0/firebase-functions.js","firestore":"https://www.gstatic.com/firebasejs/10.8.0/firebase-firestore.js","firestore/lite":"https://www.gstatic.com/firebasejs/10.8.0/firebase-firestore/lite.js","installations":"https://www.gstatic.com/firebasejs/10.8.0/firebase-installations.js","storage":"https://www.gstatic.com/firebasejs/10.8.0/firebase-storage.js","performance":"https://www.gstatic.com/firebasejs/10.8.0/firebase-performance.js","remote-config":"https://www.gstatic.com/firebasejs/10.8.0/firebase-remote-config.js","messaging":"https://www.gstatic.com/firebasejs/10.8.0/firebase-messaging.js","messaging/sw":"https://www.gstatic.com/firebasejs/10.8.0/firebase-messaging/sw.js","database":"https://www.gstatic.com/firebasejs/10.8.0/firebase-database.js","firestore.memory":"https://www.gstatic.com/firebasejs/10.8.0/firebase-firestore.memory.js"}}
[info] +  Wrote public/index.html 
[info] 
[info] i  Didn't detect a .git folder. Assuming C:\Users\user\Desktop\New folder is the project root. 
[info] i  Authorizing with GitHub to upload your service account to a GitHub repository's secrets store. 
[info] 
[info] Visit this URL on this device to log in:
[info] https://github.com/login/oauth/authorize?client_id=89cf50f02ac6aaed3484&state=87579566&redirect_uri=http%3A%2F%2Flocalhost%3A9005&scope=read%3Auser%20repo%20public_repo
[info] 
[info] Waiting for authentication...
[debug] [2024-02-21T17:05:16.235Z] >>> [apiv2][query] POST https://github.com/login/oauth/access_token [none]
[debug] [2024-02-21T17:05:16.236Z] >>> [apiv2][body] POST https://github.com/login/oauth/access_token [stream]
[debug] [2024-02-21T17:05:16.762Z] <<< [apiv2][status] POST https://github.com/login/oauth/access_token 200
[debug] [2024-02-21T17:05:16.762Z] <<< [apiv2][body] POST https://github.com/login/oauth/access_token {"access_token":"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","token_type":"bearer","scope":"read:user,repo"}
[debug] [2024-02-21T17:05:16.776Z] >>> [apiv2][query] GET https://api.github.com/user [none]
[debug] [2024-02-21T17:05:17.354Z] <<< [apiv2][status] GET https://api.github.com/user 200
[debug] [2024-02-21T17:05:17.354Z] <<< [apiv2][body] GET https://api.github.com/user {"login":"shikharsaxena290","id":153847084,"node_id":"U_kgDOCSuFLA","avatar_url":"https://avatars.githubusercontent.com/u/153847084?v=4","gravatar_id":"","url":"https://api.github.com/users/shikharsaxena290","html_url":"https://github.com/shikharsaxena290","followers_url":"https://api.github.com/users/shikharsaxena290/followers","following_url":"https://api.github.com/users/shikharsaxena290/following{/other_user}","gists_url":"https://api.github.com/users/shikharsaxena290/gists{/gist_id}","starred_url":"https://api.github.com/users/shikharsaxena290/starred{/owner}{/repo}","subscriptions_url":"https://api.github.com/users/shikharsaxena290/subscriptions","organizations_url":"https://api.github.com/users/shikharsaxena290/orgs","repos_url":"https://api.github.com/users/shikharsaxena290/repos","events_url":"https://api.github.com/users/shikharsaxena290/events{/privacy}","received_events_url":"https://api.github.com/users/shikharsaxena290/received_events","type":"User","site_admin":false,"name":"shikhar saxena","company":null,"blog":"","location":null,"email":null,"hireable":null,"bio":null,"twitter_username":null,"public_repos":5,"public_gists":0,"followers":0,"following":0,"created_at":"2023-12-14T16:06:17Z","updated_at":"2024-02-21T17:05:08Z","private_gists":0,"total_private_repos":0,"owned_private_repos":0,"disk_usage":4117,"collaborators":0,"two_factor_authentication":false,"plan":{"name":"free","space":976562499,"collaborators":0,"private_repos":10000}}
[info] 
[info] +  Success! Logged into GitHub as shikharsaxena290 
[info] 
